<?xml version="1.0" encoding="UTF-8"?>
<!-- Generated by org.testng.reporters.JUnitReportReporter -->
<testsuite hostname="DESKTOP-CNHOQHQ" failures="0" tests="1" name="com.git.DeleteRepo" time="2.472" errors="0" timestamp="10 Feb 2024 14:42:21 GMT" skipped="0">
  <testcase classname="com.git.DeleteRepo" name="test" time="2.472"/>
</testsuite> <!-- com.git.DeleteRepo -->
