<?xml version="1.0" encoding="UTF-8"?>
<!-- Generated by org.testng.reporters.JUnitReportReporter -->
<testsuite hostname="DESKTOP-CNHOQHQ" failures="0" tests="1" name="com.restapi.PostReq" time="1.929" errors="0" timestamp="03 Feb 2024 15:12:58 GMT" skipped="0">
  <testcase classname="com.restapi.PostReq" name="test1" time="1.929"/>
</testsuite> <!-- com.restapi.PostReq -->
