<?xml version="1.0" encoding="UTF-8"?>
<!-- Generated by org.testng.reporters.JUnitReportReporter -->
<testsuite hostname="DESKTOP-CNHOQHQ" failures="0" tests="1" name="com.restapi.PostReqHashMap" time="2.166" errors="0" timestamp="12 Feb 2024 15:01:26 GMT" skipped="0">
  <testcase classname="com.restapi.PostReqHashMap" name="test1" time="2.166"/>
</testsuite> <!-- com.restapi.PostReqHashMap -->
