<?xml version="1.0" encoding="UTF-8"?>
<!-- Generated by org.testng.reporters.JUnitReportReporter -->
<testsuite hostname="DESKTOP-CNHOQHQ" failures="0" tests="1" name="com.restapi.PutReq" time="1.844" errors="0" timestamp="03 Feb 2024 16:28:38 GMT" skipped="0">
  <testcase classname="com.restapi.PutReq" name="test" time="1.844"/>
</testsuite> <!-- com.restapi.PutReq -->
