<?xml version="1.0" encoding="UTF-8"?>
<!-- Generated by org.testng.reporters.JUnitReportReporter -->
<testsuite hostname="DESKTOP-CNHOQHQ" failures="0" tests="1" name="com.restapi.GetRequest" time="2.666" errors="0" timestamp="10 Feb 2024 13:32:40 GMT" skipped="0">
  <testcase classname="com.restapi.GetRequest" name="test1" time="2.666"/>
</testsuite> <!-- com.restapi.GetRequest -->
