<?xml version="1.0" encoding="UTF-8"?>
<!-- Generated by org.testng.reporters.JUnitReportReporter -->
<testsuite hostname="DESKTOP-CNHOQHQ" failures="0" tests="1" name="com.git.CreateRepoUsingAuth" time="2.803" errors="0" timestamp="10 Feb 2024 14:35:20 GMT" skipped="0">
  <testcase classname="com.git.CreateRepoUsingAuth" name="test" time="2.803"/>
</testsuite> <!-- com.git.CreateRepoUsingAuth -->
