<?xml version="1.0" encoding="UTF-8"?>
<!-- Generated by org.testng.reporters.JUnitReportReporter -->
<testsuite hostname="DESKTOP-CNHOQHQ" failures="0" tests="1" name="com.restapiXml.XmlTest" time="3.236" errors="0" timestamp="03 Feb 2024 17:13:31 GMT" skipped="0">
  <testcase classname="com.restapiXml.XmlTest" name="test1" time="3.236"/>
</testsuite> <!-- com.restapiXml.XmlTest -->
