<?xml version="1.0" encoding="UTF-8"?>
<!-- Generated by org.testng.reporters.JUnitReportReporter -->
<testsuite hostname="DESKTOP-CNHOQHQ" failures="0" tests="1" name="com.git.getallrepo" time="2.357" errors="0" timestamp="10 Feb 2024 14:08:36 GMT" skipped="0">
  <testcase classname="com.git.getallrepo" name="test1" time="2.357"/>
</testsuite> <!-- com.git.getallrepo -->
