<?xml version="1.0" encoding="UTF-8"?>
<!-- Generated by org.testng.reporters.JUnitReportReporter -->
<testsuite hostname="DESKTOP-CNHOQHQ" failures="0" tests="1" name="com.restapi.DeleteReq" time="1.360" errors="0" timestamp="03 Feb 2024 16:32:25 GMT" skipped="0">
  <testcase classname="com.restapi.DeleteReq" name="test1" time="1.360"/>
</testsuite> <!-- com.restapi.DeleteReq -->
